Arguments: 
  /usr/local/Cellar/node/7.9.0/bin/node /usr/local/bin/yarn add react-native --exact

PATH: 
  /Users/mac/.composer/vendor/bin:/Users/mac/.sdkman/candidates/gradle/current/bin:/usr/local/bin:/usr/bin:/bin:/usr/sbin:/sbin

Yarn version: 
  0.23.2

Node version: 
  7.9.0

Platform: 
  darwin x64

npm manifest: 
  {"name":"HanAPp","version":"0.0.1","private":true,"scripts":{"start":"node node_modules/react-native/local-cli/cli.js start"}}

yarn manifest: 
  No manifest

Lockfile: 
  No lockfile

Trace: 
  Error: https://registry.yarnpkg.com/crc: ETIMEDOUT
      at Timeout._onTimeout (/usr/local/Cellar/yarn/0.23.2/libexec/node_modules/request/request.js:852:19)
      at ontimeout (timers.js:386:14)
      at tryOnTimeout (timers.js:250:5)
      at Timer.listOnTimeout (timers.js:214:5)
